0 info it worked if it ends with ok
1 verbose cli [ '/Users/aakilfernandes/.nvm/versions/node/v6.3.0/bin/node',
1 verbose cli   '/Users/aakilfernandes/.nvm/versions/node/v6.3.0/bin/npm',
1 verbose cli   'run-script',
1 verbose cli   'server' ]
2 info using npm@4.0.1
3 info using node@v6.3.0
4 verbose run-script [ 'preserver', 'server', 'postserver' ]
5 info lifecycle safemarket-ux@0.0.0~preserver: safemarket-ux@0.0.0
6 silly lifecycle safemarket-ux@0.0.0~preserver: no script for preserver, continuing
7 info lifecycle safemarket-ux@0.0.0~server: safemarket-ux@0.0.0
8 verbose lifecycle safemarket-ux@0.0.0~server: unsafe-perm in lifecycle true
9 verbose lifecycle safemarket-ux@0.0.0~server: PATH: /Users/aakilfernandes/.nvm/versions/node/v6.3.0/lib/node_modules/npm/bin/node-gyp-bin:/Users/aakilfernandes/projects/safemarket/ux/node_modules/.bin:/Users/aakilfernandes/.nvm/versions/node/v6.3.0/bin:/usr/local/bin:/usr/bin:/bin:/usr/sbin:/sbin:/usr/local/MacGPG2/bin
10 verbose lifecycle safemarket-ux@0.0.0~server: CWD: /Users/aakilfernandes/projects/safemarket/ux
11 silly lifecycle safemarket-ux@0.0.0~server: Args: [ '-c', 'node ./modules/server' ]
12 silly lifecycle safemarket-ux@0.0.0~server: Returned: code: 1  signal: null
13 info lifecycle safemarket-ux@0.0.0~server: Failed to exec server script
14 verbose stack Error: safemarket-ux@0.0.0 server: `node ./modules/server`
14 verbose stack Exit status 1
14 verbose stack     at EventEmitter.<anonymous> (/Users/aakilfernandes/.nvm/versions/node/v6.3.0/lib/node_modules/npm/lib/utils/lifecycle.js:279:16)
14 verbose stack     at emitTwo (events.js:106:13)
14 verbose stack     at EventEmitter.emit (events.js:191:7)
14 verbose stack     at ChildProcess.<anonymous> (/Users/aakilfernandes/.nvm/versions/node/v6.3.0/lib/node_modules/npm/lib/utils/spawn.js:40:14)
14 verbose stack     at emitTwo (events.js:106:13)
14 verbose stack     at ChildProcess.emit (events.js:191:7)
14 verbose stack     at maybeClose (internal/child_process.js:852:16)
14 verbose stack     at Process.ChildProcess._handle.onexit (internal/child_process.js:215:5)
15 verbose pkgid safemarket-ux@0.0.0
16 verbose cwd /Users/aakilfernandes/projects/safemarket/ux
17 error Darwin 15.3.0
18 error argv "/Users/aakilfernandes/.nvm/versions/node/v6.3.0/bin/node" "/Users/aakilfernandes/.nvm/versions/node/v6.3.0/bin/npm" "run-script" "server"
19 error node v6.3.0
20 error npm  v4.0.1
21 error code ELIFECYCLE
22 error safemarket-ux@0.0.0 server: `node ./modules/server`
22 error Exit status 1
23 error Failed at the safemarket-ux@0.0.0 server script 'node ./modules/server'.
23 error Make sure you have the latest version of node.js and npm installed.
23 error If you do, this is most likely a problem with the safemarket-ux package,
23 error not with npm itself.
23 error Tell the author that this fails on your system:
23 error     node ./modules/server
23 error You can get information on how to open an issue for this project with:
23 error     npm bugs safemarket-ux
23 error Or if that isn't available, you can get their info via:
23 error     npm owner ls safemarket-ux
23 error There is likely additional logging output above.
24 verbose exit [ 1, true ]
